NODELIST=lrdn3271
/leonardo/home/userexternal/gcicchet/.conda/envs/vast/lib/python3.9/site-packages/torch/distributed/launch.py:181: FutureWarning: The module torch.distributed.launch is deprecated
and will be removed in future. Use torchrun.
Note that --use-env is set by default in torchrun.
If your script expects `--local-rank` argument to be set, please
change it to read from `os.environ['LOCAL_RANK']` instead. See 
https://pytorch.org/docs/stable/distributed.html#launch-utility for 
further instructions

  warnings.warn(
WARNING:torch.distributed.run:
*****************************************
Setting OMP_NUM_THREADS environment variable for each process to be 1 in default, to avoid your system being overloaded, please further tune the variable for optimal performance in your application as needed. 
*****************************************
2
1
30

DEVICE SET
DEVICE SET
DEVICE SET
DEVICE SET
09/19/2024 00:11:25 - INFO - torch.distributed.distributed_c10d -   Added key: store_based_barrier_key:1 to store for rank: 0
09/19/2024 00:11:25 - INFO - torch.distributed.distributed_c10d -   Added key: store_based_barrier_key:1 to store for rank: 2
09/19/2024 00:11:25 - INFO - torch.distributed.distributed_c10d -   Added key: store_based_barrier_key:1 to store for rank: 1
09/19/2024 00:11:25 - INFO - torch.distributed.distributed_c10d -   Added key: store_based_barrier_key:1 to store for rank: 3
09/19/2024 00:11:25 - INFO - torch.distributed.distributed_c10d -   Rank 0: Completed store-based barrier for key:store_based_barrier_key:1 with 4 nodes.
09/19/2024 00:11:25 - INFO - torch.distributed.distributed_c10d -   Rank 2: Completed store-based barrier for key:store_based_barrier_key:1 with 4 nodes.
09/19/2024 00:11:25 - INFO - torch.distributed.distributed_c10d -   Rank 1: Completed store-based barrier for key:store_based_barrier_key:1 with 4 nodes.
09/19/2024 00:11:25 - INFO - torch.distributed.distributed_c10d -   Rank 3: Completed store-based barrier for key:store_based_barrier_key:1 with 4 nodes.
09/19/2024 00:11:25 - INFO - __main__ -   ==================model_configs==================

09/19/2024 00:11:25 - INFO - __main__ -   model_cfg_model_type : vast
09/19/2024 00:11:25 - INFO - __main__ -   model_cfg_itm_ratio : 0.1
09/19/2024 00:11:25 - INFO - __main__ -   model_cfg_frozen_vision : False
09/19/2024 00:11:25 - INFO - __main__ -   model_cfg_frozen_audio : False
09/19/2024 00:11:25 - INFO - __main__ -   model_cfg_checkpointing : True
09/19/2024 00:11:25 - INFO - __main__ -   model_cfg_max_caption_len : 40
09/19/2024 00:11:25 - INFO - __main__ -   model_cfg_max_omni_caption_len : 70
09/19/2024 00:11:25 - INFO - __main__ -   model_cfg_max_subtitle_len : 70
09/19/2024 00:11:25 - INFO - __main__ -   model_cfg_contra_dim : 512
09/19/2024 00:11:25 - INFO - __main__ -   model_cfg_inherit_keys : ['vision_encoder_type', 'audio_encoder_type', 'audio_melbins', 'audio_target_length']
09/19/2024 00:11:25 - INFO - __main__ -   model_cfg_frame_embedding_type : adaptive
09/19/2024 00:11:25 - INFO - __main__ -   model_cfg_vision_resolution : 224
09/19/2024 00:11:25 - INFO - __main__ -   model_cfg_vision_encoder_type : evaclip01_giant
09/19/2024 00:11:25 - INFO - __main__ -   model_cfg_audio_encoder_type : beats
09/19/2024 00:11:25 - INFO - __main__ -   model_cfg_audio_melbins : 64
09/19/2024 00:11:25 - INFO - __main__ -   model_cfg_audio_target_length : 1024
09/19/2024 00:11:25 - INFO - __main__ -   model_cfg_beam_size : 3
09/19/2024 00:11:25 - INFO - __main__ -   model_cfg_captioner_mode : False
09/19/2024 00:11:25 - INFO - __main__ -   model_cfg_generate_nums : 1
09/19/2024 00:11:25 - INFO - __main__ -   model_cfg_ret_bidirection_evaluation : False
09/19/2024 00:11:25 - INFO - __main__ -   model_cfg_itm_rerank_num : 50
09/19/2024 00:11:25 - INFO - __main__ -   model_cfg_evaluation_type : evaluation_mm
09/19/2024 00:11:25 - INFO - __main__ -   model_cfg_default : ./config/vast/default_model_cfg.json
09/19/2024 00:11:25 - INFO - __main__ -   model_cfg_max_vision_sample_num : 8
09/19/2024 00:11:25 - INFO - __main__ -   model_cfg_max_audio_sample_num : 1
09/19/2024 00:11:25 - INFO - __main__ -   ==================run_configs==================

09/19/2024 00:11:25 - INFO - __main__ -   run_cfg_checkpoint : 
09/19/2024 00:11:25 - INFO - __main__ -   run_cfg_output_dir : ./output/vast/pretrain_vast//downstream/finetuneMSRVTT2
09/19/2024 00:11:25 - INFO - __main__ -   run_cfg_gradient_accumulation_steps : 1
09/19/2024 00:11:25 - INFO - __main__ -   run_cfg_clip_lr : 5e-07
09/19/2024 00:11:25 - INFO - __main__ -   run_cfg_optim : adamw
09/19/2024 00:11:25 - INFO - __main__ -   run_cfg_learning_rate : 2e-05
09/19/2024 00:11:25 - INFO - __main__ -   run_cfg_betas : [0.9, 0.98]
09/19/2024 00:11:25 - INFO - __main__ -   run_cfg_weight_decay : 0.01
09/19/2024 00:11:25 - INFO - __main__ -   run_cfg_grad_norm : 2.0
09/19/2024 00:11:25 - INFO - __main__ -   run_cfg_warmup_ratio : 0.1
09/19/2024 00:11:25 - INFO - __main__ -   run_cfg_resume : False
09/19/2024 00:11:25 - INFO - __main__ -   run_cfg_seed : 50
09/19/2024 00:11:25 - INFO - __main__ -   run_cfg_fp16 : True
09/19/2024 00:11:25 - INFO - __main__ -   run_cfg_bf16 : False
09/19/2024 00:11:25 - INFO - __main__ -   run_cfg_zero_shot : False
09/19/2024 00:11:25 - INFO - __main__ -   run_cfg_scheduler : warmup_linear
09/19/2024 00:11:25 - INFO - __main__ -   run_cfg_new_lr : 0
09/19/2024 00:11:25 - INFO - __main__ -   run_cfg_new_params_name : []
09/19/2024 00:11:25 - INFO - __main__ -   run_cfg_valid_freq : 10
09/19/2024 00:11:25 - INFO - __main__ -   run_cfg_dataset_mix_type : random
09/19/2024 00:11:25 - INFO - __main__ -   run_cfg_remove_before_ckpt : True
09/19/2024 00:11:25 - INFO - __main__ -   run_cfg_first_eval : True
09/19/2024 00:11:25 - INFO - __main__ -   run_cfg_pretrain_dir : ./output/vast/pretrain_vast/downstream/finetuneVolume256batchlossonlyvolume4Mod120k
09/19/2024 00:11:25 - INFO - __main__ -   run_cfg_num_train_steps : 0
09/19/2024 00:11:25 - INFO - __main__ -   run_cfg_save_best : True
09/19/2024 00:11:25 - INFO - __main__ -   run_cfg_pin_mem : True
09/19/2024 00:11:25 - INFO - __main__ -   run_cfg_vision_resolution : 224
09/19/2024 00:11:25 - INFO - __main__ -   run_cfg_use_ddp : False
09/19/2024 00:11:25 - INFO - __main__ -   run_cfg_mode : training
09/19/2024 00:11:25 - INFO - __main__ -   run_cfg_log_steps : 100
09/19/2024 00:11:25 - INFO - __main__ -   run_cfg_default : ./config/vast/default_run_cfg.json
09/19/2024 00:11:25 - INFO - __main__ -   ==================data_configs==================

09/19/2024 00:11:25 - INFO - __main__ -   data_cfg_msrvtt_ret_train_type : annoindexed
09/19/2024 00:11:25 - INFO - __main__ -   data_cfg_msrvtt_ret_train_training : True
09/19/2024 00:11:25 - INFO - __main__ -   data_cfg_msrvtt_ret_train_name : msrvtt_ret
09/19/2024 00:11:25 - INFO - __main__ -   data_cfg_msrvtt_ret_train_txt : datasets/annotations/msrvtt/descs_ret_train.json
09/19/2024 00:11:25 - INFO - __main__ -   data_cfg_msrvtt_ret_train_vision : ../MSRVTT/videos/videos
09/19/2024 00:11:25 - INFO - __main__ -   data_cfg_msrvtt_ret_train_audio : ../MSRVTT/audios
09/19/2024 00:11:25 - INFO - __main__ -   data_cfg_msrvtt_ret_train_vision_transforms : crop_flip
09/19/2024 00:11:25 - INFO - __main__ -   data_cfg_msrvtt_ret_train_vision_format : video_rawvideo
09/19/2024 00:11:25 - INFO - __main__ -   data_cfg_msrvtt_ret_train_vision_sample_num : 8
09/19/2024 00:11:25 - INFO - __main__ -   data_cfg_msrvtt_ret_train_audio_sample_num : 1
09/19/2024 00:11:25 - INFO - __main__ -   data_cfg_msrvtt_ret_train_task : ret%tv%ta
09/19/2024 00:11:25 - INFO - __main__ -   data_cfg_msrvtt_ret_train_epoch : 3.6
09/19/2024 00:11:25 - INFO - __main__ -   data_cfg_msrvtt_ret_train_n_workers : 8
09/19/2024 00:11:25 - INFO - __main__ -   data_cfg_msrvtt_ret_train_batch_size : 64
09/19/2024 00:11:25 - INFO - __main__ -   data_cfg_msrvtt_ret_val_type : annoindexed
09/19/2024 00:11:25 - INFO - __main__ -   data_cfg_msrvtt_ret_val_training : False
09/19/2024 00:11:25 - INFO - __main__ -   data_cfg_msrvtt_ret_val_name : msrvtt_ret
09/19/2024 00:11:25 - INFO - __main__ -   data_cfg_msrvtt_ret_val_txt : datasets/annotations/msrvtt/descs_ret_test.json
09/19/2024 00:11:25 - INFO - __main__ -   data_cfg_msrvtt_ret_val_vision : ../MSRVTT/video_test
09/19/2024 00:11:25 - INFO - __main__ -   data_cfg_msrvtt_ret_val_vision_transforms : crop_flip
09/19/2024 00:11:25 - INFO - __main__ -   data_cfg_msrvtt_ret_val_vision_format : video_rawvideo
09/19/2024 00:11:25 - INFO - __main__ -   data_cfg_msrvtt_ret_val_audio : ../MSRVTT/audio_test
09/19/2024 00:11:25 - INFO - __main__ -   data_cfg_msrvtt_ret_val_vision_sample_num : 16
09/19/2024 00:11:25 - INFO - __main__ -   data_cfg_msrvtt_ret_val_audio_sample_num : 1
09/19/2024 00:11:25 - INFO - __main__ -   data_cfg_msrvtt_ret_val_task : ret%tvas
09/19/2024 00:11:25 - INFO - __main__ -   data_cfg_msrvtt_ret_val_n_workers : 8
09/19/2024 00:11:25 - INFO - __main__ -   data_cfg_msrvtt_ret_val_batch_size : 64
wandb: Tracking run with wandb version 0.17.8
wandb: W&B syncing is set to `offline` in this directory.  
wandb: Run `wandb online` or set WANDB_MODE=online to enable cloud syncing.
09/19/2024 00:11:29 - INFO - __main__ -   msrvtt_ret Using clip mean and std.
09/19/2024 00:11:29 - INFO - __main__ -   msrvtt_ret transforms crop_flip
ci sono 158540 labelsci sono 158540 labels

ci sono 158540 labels
/leonardo/home/userexternal/gcicchet/.conda/envs/vast/lib/python3.9/site-packages/torchvision/transforms/functional.py:1603: UserWarning: The default value of the antialias parameter of all the resizing transforms (Resize(), RandomResizedCrop(), etc.) will change from None to True in v0.17, in order to be consistent across the PIL and Tensor backends. To suppress this warning, directly pass antialias=True (recommended, future default), antialias=None (current default, which means False for Tensors and True for PIL), or antialias=False (only works on Tensors - PIL will still use antialiasing). This also applies if you are using the inference transforms from the models weights: update the call to weights.transforms(antialias=True).
  warnings.warn(
/leonardo/home/userexternal/gcicchet/.conda/envs/vast/lib/python3.9/site-packages/torchvision/transforms/functional.py:1603: UserWarning: The default value of the antialias parameter of all the resizing transforms (Resize(), RandomResizedCrop(), etc.) will change from None to True in v0.17, in order to be consistent across the PIL and Tensor backends. To suppress this warning, directly pass antialias=True (recommended, future default), antialias=None (current default, which means False for Tensors and True for PIL), or antialias=False (only works on Tensors - PIL will still use antialiasing). This also applies if you are using the inference transforms from the models weights: update the call to weights.transforms(antialias=True).
  warnings.warn(
/leonardo/home/userexternal/gcicchet/.conda/envs/vast/lib/python3.9/site-packages/torchvision/transforms/functional.py:1603: UserWarning: The default value of the antialias parameter of all the resizing transforms (Resize(), RandomResizedCrop(), etc.) will change from None to True in v0.17, in order to be consistent across the PIL and Tensor backends. To suppress this warning, directly pass antialias=True (recommended, future default), antialias=None (current default, which means False for Tensors and True for PIL), or antialias=False (only works on Tensors - PIL will still use antialiasing). This also applies if you are using the inference transforms from the models weights: update the call to weights.transforms(antialias=True).
  warnings.warn(
/leonardo/home/userexternal/gcicchet/.conda/envs/vast/lib/python3.9/site-packages/torchvision/transforms/functional.py:1603: UserWarning: The default value of the antialias parameter of all the resizing transforms (Resize(), RandomResizedCrop(), etc.) will change from None to True in v0.17, in order to be consistent across the PIL and Tensor backends. To suppress this warning, directly pass antialias=True (recommended, future default), antialias=None (current default, which means False for Tensors and True for PIL), or antialias=False (only works on Tensors - PIL will still use antialiasing). This also applies if you are using the inference transforms from the models weights: update the call to weights.transforms(antialias=True).
  warnings.warn(
/leonardo/home/userexternal/gcicchet/.conda/envs/vast/lib/python3.9/site-packages/torchvision/transforms/functional.py:1603: UserWarning: The default value of the antialias parameter of all the resizing transforms (Resize(), RandomResizedCrop(), etc.) will change from None to True in v0.17, in order to be consistent across the PIL and Tensor backends. To suppress this warning, directly pass antialias=True (recommended, future default), antialias=None (current default, which means False for Tensors and True for PIL), or antialias=False (only works on Tensors - PIL will still use antialiasing). This also applies if you are using the inference transforms from the models weights: update the call to weights.transforms(antialias=True).
  warnings.warn(
/leonardo/home/userexternal/gcicchet/.conda/envs/vast/lib/python3.9/site-packages/torchvision/transforms/functional.py:1603: UserWarning: The default value of the antialias parameter of all the resizing transforms (Resize(), RandomResizedCrop(), etc.) will change from None to True in v0.17, in order to be consistent across the PIL and Tensor backends. To suppress this warning, directly pass antialias=True (recommended, future default), antialias=None (current default, which means False for Tensors and True for PIL), or antialias=False (only works on Tensors - PIL will still use antialiasing). This also applies if you are using the inference transforms from the models weights: update the call to weights.transforms(antialias=True).
  warnings.warn(
/leonardo/home/userexternal/gcicchet/.conda/envs/vast/lib/python3.9/site-packages/torchvision/transforms/functional.py:1603: UserWarning: The default value of the antialias parameter of all the resizing transforms (Resize(), RandomResizedCrop(), etc.) will change from None to True in v0.17, in order to be consistent across the PIL and Tensor backends. To suppress this warning, directly pass antialias=True (recommended, future default), antialias=None (current default, which means False for Tensors and True for PIL), or antialias=False (only works on Tensors - PIL will still use antialiasing). This also applies if you are using the inference transforms from the models weights: update the call to weights.transforms(antialias=True).
  warnings.warn(
/leonardo/home/userexternal/gcicchet/.conda/envs/vast/lib/python3.9/site-packages/torchvision/transforms/functional.py:1603: UserWarning: The default value of the antialias parameter of all the resizing transforms (Resize(), RandomResizedCrop(), etc.) will change from None to True in v0.17, in order to be consistent across the PIL and Tensor backends. To suppress this warning, directly pass antialias=True (recommended, future default), antialias=None (current default, which means False for Tensors and True for PIL), or antialias=False (only works on Tensors - PIL will still use antialiasing). This also applies if you are using the inference transforms from the models weights: update the call to weights.transforms(antialias=True).
  warnings.warn(
/leonardo/home/userexternal/gcicchet/.conda/envs/vast/lib/python3.9/site-packages/torchvision/transforms/functional.py:1603: UserWarning: The default value of the antialias parameter of all the resizing transforms (Resize(), RandomResizedCrop(), etc.) will change from None to True in v0.17, in order to be consistent across the PIL and Tensor backends. To suppress this warning, directly pass antialias=True (recommended, future default), antialias=None (current default, which means False for Tensors and True for PIL), or antialias=False (only works on Tensors - PIL will still use antialiasing). This also applies if you are using the inference transforms from the models weights: update the call to weights.transforms(antialias=True).
  warnings.warn(
/leonardo/home/userexternal/gcicchet/.conda/envs/vast/lib/python3.9/site-packages/torchvision/transforms/functional.py:1603: UserWarning: The default value of the antialias parameter of all the resizing transforms (Resize(), RandomResizedCrop(), etc.) will change from None to True in v0.17, in order to be consistent across the PIL and Tensor backends. To suppress this warning, directly pass antialias=True (recommended, future default), antialias=None (current default, which means False for Tensors and True for PIL), or antialias=False (only works on Tensors - PIL will still use antialiasing). This also applies if you are using the inference transforms from the models weights: update the call to weights.transforms(antialias=True).
  warnings.warn(
/leonardo/home/userexternal/gcicchet/.conda/envs/vast/lib/python3.9/site-packages/torchvision/transforms/functional.py:1603: UserWarning: The default value of the antialias parameter of all the resizing transforms (Resize(), RandomResizedCrop(), etc.) will change from None to True in v0.17, in order to be consistent across the PIL and Tensor backends. To suppress this warning, directly pass antialias=True (recommended, future default), antialias=None (current default, which means False for Tensors and True for PIL), or antialias=False (only works on Tensors - PIL will still use antialiasing). This also applies if you are using the inference transforms from the models weights: update the call to weights.transforms(antialias=True).
  warnings.warn(
/leonardo/home/userexternal/gcicchet/.conda/envs/vast/lib/python3.9/site-packages/torchvision/transforms/functional.py:1603: UserWarning: The default value of the antialias parameter of all the resizing transforms (Resize(), RandomResizedCrop(), etc.) will change from None to True in v0.17, in order to be consistent across the PIL and Tensor backends. To suppress this warning, directly pass antialias=True (recommended, future default), antialias=None (current default, which means False for Tensors and True for PIL), or antialias=False (only works on Tensors - PIL will still use antialiasing). This also applies if you are using the inference transforms from the models weights: update the call to weights.transforms(antialias=True).
  warnings.warn(
/leonardo/home/userexternal/gcicchet/.conda/envs/vast/lib/python3.9/site-packages/torchvision/transforms/functional.py:1603: UserWarning: The default value of the antialias parameter of all the resizing transforms (Resize(), RandomResizedCrop(), etc.) will change from None to True in v0.17, in order to be consistent across the PIL and Tensor backends. To suppress this warning, directly pass antialias=True (recommended, future default), antialias=None (current default, which means False for Tensors and True for PIL), or antialias=False (only works on Tensors - PIL will still use antialiasing). This also applies if you are using the inference transforms from the models weights: update the call to weights.transforms(antialias=True).
  warnings.warn(
/leonardo/home/userexternal/gcicchet/.conda/envs/vast/lib/python3.9/site-packages/torchvision/transforms/functional.py:1603: UserWarning: The default value of the antialias parameter of all the resizing transforms (Resize(), RandomResizedCrop(), etc.) will change from None to True in v0.17, in order to be consistent across the PIL and Tensor backends. To suppress this warning, directly pass antialias=True (recommended, future default), antialias=None (current default, which means False for Tensors and True for PIL), or antialias=False (only works on Tensors - PIL will still use antialiasing). This also applies if you are using the inference transforms from the models weights: update the call to weights.transforms(antialias=True).
  warnings.warn(
/leonardo/home/userexternal/gcicchet/.conda/envs/vast/lib/python3.9/site-packages/torchvision/transforms/functional.py:1603: UserWarning: The default value of the antialias parameter of all the resizing transforms (Resize(), RandomResizedCrop(), etc.) will change from None to True in v0.17, in order to be consistent across the PIL and Tensor backends. To suppress this warning, directly pass antialias=True (recommended, future default), antialias=None (current default, which means False for Tensors and True for PIL), or antialias=False (only works on Tensors - PIL will still use antialiasing). This also applies if you are using the inference transforms from the models weights: update the call to weights.transforms(antialias=True).
  warnings.warn(
/leonardo/home/userexternal/gcicchet/.conda/envs/vast/lib/python3.9/site-packages/torchvision/transforms/functional.py:1603: UserWarning: The default value of the antialias parameter of all the resizing transforms (Resize(), RandomResizedCrop(), etc.) will change from None to True in v0.17, in order to be consistent across the PIL and Tensor backends. To suppress this warning, directly pass antialias=True (recommended, future default), antialias=None (current default, which means False for Tensors and True for PIL), or antialias=False (only works on Tensors - PIL will still use antialiasing). This also applies if you are using the inference transforms from the models weights: update the call to weights.transforms(antialias=True).
  warnings.warn(
/leonardo/home/userexternal/gcicchet/.conda/envs/vast/lib/python3.9/site-packages/torchvision/transforms/functional.py:1603: UserWarning: The default value of the antialias parameter of all the resizing transforms (Resize(), RandomResizedCrop(), etc.) will change from None to True in v0.17, in order to be consistent across the PIL and Tensor backends. To suppress this warning, directly pass antialias=True (recommended, future default), antialias=None (current default, which means False for Tensors and True for PIL), or antialias=False (only works on Tensors - PIL will still use antialiasing). This also applies if you are using the inference transforms from the models weights: update the call to weights.transforms(antialias=True).
  warnings.warn(
/leonardo/home/userexternal/gcicchet/.conda/envs/vast/lib/python3.9/site-packages/torchvision/transforms/functional.py:1603: UserWarning: The default value of the antialias parameter of all the resizing transforms (Resize(), RandomResizedCrop(), etc.) will change from None to True in v0.17, in order to be consistent across the PIL and Tensor backends. To suppress this warning, directly pass antialias=True (recommended, future default), antialias=None (current default, which means False for Tensors and True for PIL), or antialias=False (only works on Tensors - PIL will still use antialiasing). This also applies if you are using the inference transforms from the models weights: update the call to weights.transforms(antialias=True).
  warnings.warn(
/leonardo/home/userexternal/gcicchet/.conda/envs/vast/lib/python3.9/site-packages/torchvision/transforms/functional.py:1603: UserWarning: The default value of the antialias parameter of all the resizing transforms (Resize(), RandomResizedCrop(), etc.) will change from None to True in v0.17, in order to be consistent across the PIL and Tensor backends. To suppress this warning, directly pass antialias=True (recommended, future default), antialias=None (current default, which means False for Tensors and True for PIL), or antialias=False (only works on Tensors - PIL will still use antialiasing). This also applies if you are using the inference transforms from the models weights: update the call to weights.transforms(antialias=True).
  warnings.warn(
/leonardo/home/userexternal/gcicchet/.conda/envs/vast/lib/python3.9/site-packages/torchvision/transforms/functional.py:1603: UserWarning: The default value of the antialias parameter of all the resizing transforms (Resize(), RandomResizedCrop(), etc.) will change from None to True in v0.17, in order to be consistent across the PIL and Tensor backends. To suppress this warning, directly pass antialias=True (recommended, future default), antialias=None (current default, which means False for Tensors and True for PIL), or antialias=False (only works on Tensors - PIL will still use antialiasing). This also applies if you are using the inference transforms from the models weights: update the call to weights.transforms(antialias=True).
  warnings.warn(
ci sono 884 labels
ci sono 884 labels
ci sono 884 labels
/leonardo/home/userexternal/gcicchet/.conda/envs/vast/lib/python3.9/site-packages/torchvision/transforms/functional.py:1603: UserWarning: The default value of the antialias parameter of all the resizing transforms (Resize(), RandomResizedCrop(), etc.) will change from None to True in v0.17, in order to be consistent across the PIL and Tensor backends. To suppress this warning, directly pass antialias=True (recommended, future default), antialias=None (current default, which means False for Tensors and True for PIL), or antialias=False (only works on Tensors - PIL will still use antialiasing). This also applies if you are using the inference transforms from the models weights: update the call to weights.transforms(antialias=True).
  warnings.warn(
/leonardo/home/userexternal/gcicchet/.conda/envs/vast/lib/python3.9/site-packages/torchvision/transforms/functional.py:1603: UserWarning: The default value of the antialias parameter of all the resizing transforms (Resize(), RandomResizedCrop(), etc.) will change from None to True in v0.17, in order to be consistent across the PIL and Tensor backends. To suppress this warning, directly pass antialias=True (recommended, future default), antialias=None (current default, which means False for Tensors and True for PIL), or antialias=False (only works on Tensors - PIL will still use antialiasing). This also applies if you are using the inference transforms from the models weights: update the call to weights.transforms(antialias=True).
  warnings.warn(
/leonardo/home/userexternal/gcicchet/.conda/envs/vast/lib/python3.9/site-packages/torchvision/transforms/functional.py:1603: UserWarning: The default value of the antialias parameter of all the resizing transforms (Resize(), RandomResizedCrop(), etc.) will change from None to True in v0.17, in order to be consistent across the PIL and Tensor backends. To suppress this warning, directly pass antialias=True (recommended, future default), antialias=None (current default, which means False for Tensors and True for PIL), or antialias=False (only works on Tensors - PIL will still use antialiasing). This also applies if you are using the inference transforms from the models weights: update the call to weights.transforms(antialias=True).
  warnings.warn(
/leonardo/home/userexternal/gcicchet/.conda/envs/vast/lib/python3.9/site-packages/torchvision/transforms/functional.py:1603: UserWarning: The default value of the antialias parameter of all the resizing transforms (Resize(), RandomResizedCrop(), etc.) will change from None to True in v0.17, in order to be consistent across the PIL and Tensor backends. To suppress this warning, directly pass antialias=True (recommended, future default), antialias=None (current default, which means False for Tensors and True for PIL), or antialias=False (only works on Tensors - PIL will still use antialiasing). This also applies if you are using the inference transforms from the models weights: update the call to weights.transforms(antialias=True).
  warnings.warn(
Please 'pip install xformers'
Please 'pip install xformers'
Please 'pip install xformers'
Please 'pip install xformers'
Please 'pip install xformers'
Please 'pip install xformers'
Please 'pip install xformers'Please 'pip install xformers'

Please 'pip install xformers'
ci sono 158540 labels
09/19/2024 00:11:34 - INFO - __main__ -   Create Dataset msrvtt_ret Success
09/19/2024 00:11:34 - INFO - __main__ -    loader ret%tv%ta--msrvtt_ret , ratio 8917 , bs_pergpu 16, n_workers 8
09/19/2024 00:11:35 - INFO - root -   Loaded EVA01-CLIP-g-14 model config.
09/19/2024 00:11:35 - INFO - root -   Loaded EVA01-CLIP-g-14 model config.
09/19/2024 00:11:35 - INFO - root -   Loaded EVA01-CLIP-g-14 model config.
/leonardo/home/userexternal/gcicchet/.conda/envs/vast/lib/python3.9/site-packages/torchvision/transforms/functional.py:1603: UserWarning: The default value of the antialias parameter of all the resizing transforms (Resize(), RandomResizedCrop(), etc.) will change from None to True in v0.17, in order to be consistent across the PIL and Tensor backends. To suppress this warning, directly pass antialias=True (recommended, future default), antialias=None (current default, which means False for Tensors and True for PIL), or antialias=False (only works on Tensors - PIL will still use antialiasing). This also applies if you are using the inference transforms from the models weights: update the call to weights.transforms(antialias=True).
  warnings.warn(
/leonardo/home/userexternal/gcicchet/.conda/envs/vast/lib/python3.9/site-packages/torchvision/transforms/functional.py:1603: UserWarning: The default value of the antialias parameter of all the resizing transforms (Resize(), RandomResizedCrop(), etc.) will change from None to True in v0.17, in order to be consistent across the PIL and Tensor backends. To suppress this warning, directly pass antialias=True (recommended, future default), antialias=None (current default, which means False for Tensors and True for PIL), or antialias=False (only works on Tensors - PIL will still use antialiasing). This also applies if you are using the inference transforms from the models weights: update the call to weights.transforms(antialias=True).
  warnings.warn(
/leonardo/home/userexternal/gcicchet/.conda/envs/vast/lib/python3.9/site-packages/torchvision/transforms/functional.py:1603: UserWarning: The default value of the antialias parameter of all the resizing transforms (Resize(), RandomResizedCrop(), etc.) will change from None to True in v0.17, in order to be consistent across the PIL and Tensor backends. To suppress this warning, directly pass antialias=True (recommended, future default), antialias=None (current default, which means False for Tensors and True for PIL), or antialias=False (only works on Tensors - PIL will still use antialiasing). This also applies if you are using the inference transforms from the models weights: update the call to weights.transforms(antialias=True).
  warnings.warn(
/leonardo/home/userexternal/gcicchet/.conda/envs/vast/lib/python3.9/site-packages/torchvision/transforms/functional.py:1603: UserWarning: The default value of the antialias parameter of all the resizing transforms (Resize(), RandomResizedCrop(), etc.) will change from None to True in v0.17, in order to be consistent across the PIL and Tensor backends. To suppress this warning, directly pass antialias=True (recommended, future default), antialias=None (current default, which means False for Tensors and True for PIL), or antialias=False (only works on Tensors - PIL will still use antialiasing). This also applies if you are using the inference transforms from the models weights: update the call to weights.transforms(antialias=True).
  warnings.warn(
/leonardo/home/userexternal/gcicchet/.conda/envs/vast/lib/python3.9/site-packages/torchvision/transforms/functional.py:1603: UserWarning: The default value of the antialias parameter of all the resizing transforms (Resize(), RandomResizedCrop(), etc.) will change from None to True in v0.17, in order to be consistent across the PIL and Tensor backends. To suppress this warning, directly pass antialias=True (recommended, future default), antialias=None (current default, which means False for Tensors and True for PIL), or antialias=False (only works on Tensors - PIL will still use antialiasing). This also applies if you are using the inference transforms from the models weights: update the call to weights.transforms(antialias=True).
  warnings.warn(
/leonardo/home/userexternal/gcicchet/.conda/envs/vast/lib/python3.9/site-packages/torchvision/transforms/functional.py:1603: UserWarning: The default value of the antialias parameter of all the resizing transforms (Resize(), RandomResizedCrop(), etc.) will change from None to True in v0.17, in order to be consistent across the PIL and Tensor backends. To suppress this warning, directly pass antialias=True (recommended, future default), antialias=None (current default, which means False for Tensors and True for PIL), or antialias=False (only works on Tensors - PIL will still use antialiasing). This also applies if you are using the inference transforms from the models weights: update the call to weights.transforms(antialias=True).
  warnings.warn(
/leonardo/home/userexternal/gcicchet/.conda/envs/vast/lib/python3.9/site-packages/torchvision/transforms/functional.py:1603: UserWarning: The default value of the antialias parameter of all the resizing transforms (Resize(), RandomResizedCrop(), etc.) will change from None to True in v0.17, in order to be consistent across the PIL and Tensor backends. To suppress this warning, directly pass antialias=True (recommended, future default), antialias=None (current default, which means False for Tensors and True for PIL), or antialias=False (only works on Tensors - PIL will still use antialiasing). This also applies if you are using the inference transforms from the models weights: update the call to weights.transforms(antialias=True).
  warnings.warn(
09/19/2024 00:11:36 - INFO - __main__ -   msrvtt_ret Using clip mean and std.
09/19/2024 00:11:36 - INFO - __main__ -   msrvtt_ret transforms crop_flip
ci sono 884 labels
09/19/2024 00:11:36 - INFO - __main__ -   Create Dataset msrvtt_ret Success
/leonardo/home/userexternal/gcicchet/.conda/envs/vast/lib/python3.9/site-packages/torchvision/transforms/functional.py:1603: UserWarning: The default value of the antialias parameter of all the resizing transforms (Resize(), RandomResizedCrop(), etc.) will change from None to True in v0.17, in order to be consistent across the PIL and Tensor backends. To suppress this warning, directly pass antialias=True (recommended, future default), antialias=None (current default, which means False for Tensors and True for PIL), or antialias=False (only works on Tensors - PIL will still use antialiasing). This also applies if you are using the inference transforms from the models weights: update the call to weights.transforms(antialias=True).
  warnings.warn(
Please 'pip install xformers'
Please 'pip install xformers'
Please 'pip install xformers'
09/19/2024 00:11:39 - INFO - root -   Loaded EVA01-CLIP-g-14 model config.
/leonardo/home/userexternal/gcicchet/.conda/envs/vast/lib/python3.9/site-packages/torchvision/transforms/functional.py:1603: UserWarning: The default value of the antialias parameter of all the resizing transforms (Resize(), RandomResizedCrop(), etc.) will change from None to True in v0.17, in order to be consistent across the PIL and Tensor backends. To suppress this warning, directly pass antialias=True (recommended, future default), antialias=None (current default, which means False for Tensors and True for PIL), or antialias=False (only works on Tensors - PIL will still use antialiasing). This also applies if you are using the inference transforms from the models weights: update the call to weights.transforms(antialias=True).
  warnings.warn(
/leonardo/home/userexternal/gcicchet/.conda/envs/vast/lib/python3.9/site-packages/torchvision/transforms/functional.py:1603: UserWarning: The default value of the antialias parameter of all the resizing transforms (Resize(), RandomResizedCrop(), etc.) will change from None to True in v0.17, in order to be consistent across the PIL and Tensor backends. To suppress this warning, directly pass antialias=True (recommended, future default), antialias=None (current default, which means False for Tensors and True for PIL), or antialias=False (only works on Tensors - PIL will still use antialiasing). This also applies if you are using the inference transforms from the models weights: update the call to weights.transforms(antialias=True).
  warnings.warn(
/leonardo/home/userexternal/gcicchet/.conda/envs/vast/lib/python3.9/site-packages/torchvision/transforms/functional.py:1603: UserWarning: The default value of the antialias parameter of all the resizing transforms (Resize(), RandomResizedCrop(), etc.) will change from None to True in v0.17, in order to be consistent across the PIL and Tensor backends. To suppress this warning, directly pass antialias=True (recommended, future default), antialias=None (current default, which means False for Tensors and True for PIL), or antialias=False (only works on Tensors - PIL will still use antialiasing). This also applies if you are using the inference transforms from the models weights: update the call to weights.transforms(antialias=True).
  warnings.warn(
/leonardo/home/userexternal/gcicchet/.conda/envs/vast/lib/python3.9/site-packages/torchvision/transforms/functional.py:1603: UserWarning: The default value of the antialias parameter of all the resizing transforms (Resize(), RandomResizedCrop(), etc.) will change from None to True in v0.17, in order to be consistent across the PIL and Tensor backends. To suppress this warning, directly pass antialias=True (recommended, future default), antialias=None (current default, which means False for Tensors and True for PIL), or antialias=False (only works on Tensors - PIL will still use antialiasing). This also applies if you are using the inference transforms from the models weights: update the call to weights.transforms(antialias=True).
  warnings.warn(
/leonardo/home/userexternal/gcicchet/.conda/envs/vast/lib/python3.9/site-packages/torchvision/transforms/functional.py:1603: UserWarning: The default value of the antialias parameter of all the resizing transforms (Resize(), RandomResizedCrop(), etc.) will change from None to True in v0.17, in order to be consistent across the PIL and Tensor backends. To suppress this warning, directly pass antialias=True (recommended, future default), antialias=None (current default, which means False for Tensors and True for PIL), or antialias=False (only works on Tensors - PIL will still use antialiasing). This also applies if you are using the inference transforms from the models weights: update the call to weights.transforms(antialias=True).
  warnings.warn(
/leonardo/home/userexternal/gcicchet/.conda/envs/vast/lib/python3.9/site-packages/torchvision/transforms/functional.py:1603: UserWarning: The default value of the antialias parameter of all the resizing transforms (Resize(), RandomResizedCrop(), etc.) will change from None to True in v0.17, in order to be consistent across the PIL and Tensor backends. To suppress this warning, directly pass antialias=True (recommended, future default), antialias=None (current default, which means False for Tensors and True for PIL), or antialias=False (only works on Tensors - PIL will still use antialiasing). This also applies if you are using the inference transforms from the models weights: update the call to weights.transforms(antialias=True).
  warnings.warn(
/leonardo/home/userexternal/gcicchet/.conda/envs/vast/lib/python3.9/site-packages/torchvision/transforms/functional.py:1603: UserWarning: The default value of the antialias parameter of all the resizing transforms (Resize(), RandomResizedCrop(), etc.) will change from None to True in v0.17, in order to be consistent across the PIL and Tensor backends. To suppress this warning, directly pass antialias=True (recommended, future default), antialias=None (current default, which means False for Tensors and True for PIL), or antialias=False (only works on Tensors - PIL will still use antialiasing). This also applies if you are using the inference transforms from the models weights: update the call to weights.transforms(antialias=True).
  warnings.warn(
/leonardo/home/userexternal/gcicchet/.conda/envs/vast/lib/python3.9/site-packages/torchvision/transforms/functional.py:1603: UserWarning: The default value of the antialias parameter of all the resizing transforms (Resize(), RandomResizedCrop(), etc.) will change from None to True in v0.17, in order to be consistent across the PIL and Tensor backends. To suppress this warning, directly pass antialias=True (recommended, future default), antialias=None (current default, which means False for Tensors and True for PIL), or antialias=False (only works on Tensors - PIL will still use antialiasing). This also applies if you are using the inference transforms from the models weights: update the call to weights.transforms(antialias=True).
  warnings.warn(
/leonardo/home/userexternal/gcicchet/.conda/envs/vast/lib/python3.9/site-packages/torchvision/transforms/functional.py:1603: UserWarning: The default value of the antialias parameter of all the resizing transforms (Resize(), RandomResizedCrop(), etc.) will change from None to True in v0.17, in order to be consistent across the PIL and Tensor backends. To suppress this warning, directly pass antialias=True (recommended, future default), antialias=None (current default, which means False for Tensors and True for PIL), or antialias=False (only works on Tensors - PIL will still use antialiasing). This also applies if you are using the inference transforms from the models weights: update the call to weights.transforms(antialias=True).
  warnings.warn(
/leonardo/home/userexternal/gcicchet/.conda/envs/vast/lib/python3.9/site-packages/torchvision/transforms/functional.py:1603: UserWarning: The default value of the antialias parameter of all the resizing transforms (Resize(), RandomResizedCrop(), etc.) will change from None to True in v0.17, in order to be consistent across the PIL and Tensor backends. To suppress this warning, directly pass antialias=True (recommended, future default), antialias=None (current default, which means False for Tensors and True for PIL), or antialias=False (only works on Tensors - PIL will still use antialiasing). This also applies if you are using the inference transforms from the models weights: update the call to weights.transforms(antialias=True).
  warnings.warn(
/leonardo/home/userexternal/gcicchet/.conda/envs/vast/lib/python3.9/site-packages/torchvision/transforms/functional.py:1603: UserWarning: The default value of the antialias parameter of all the resizing transforms (Resize(), RandomResizedCrop(), etc.) will change from None to True in v0.17, in order to be consistent across the PIL and Tensor backends. To suppress this warning, directly pass antialias=True (recommended, future default), antialias=None (current default, which means False for Tensors and True for PIL), or antialias=False (only works on Tensors - PIL will still use antialiasing). This also applies if you are using the inference transforms from the models weights: update the call to weights.transforms(antialias=True).
  warnings.warn(
/leonardo/home/userexternal/gcicchet/.conda/envs/vast/lib/python3.9/site-packages/torchvision/transforms/functional.py:1603: UserWarning: The default value of the antialias parameter of all the resizing transforms (Resize(), RandomResizedCrop(), etc.) will change from None to True in v0.17, in order to be consistent across the PIL and Tensor backends. To suppress this warning, directly pass antialias=True (recommended, future default), antialias=None (current default, which means False for Tensors and True for PIL), or antialias=False (only works on Tensors - PIL will still use antialiasing). This also applies if you are using the inference transforms from the models weights: update the call to weights.transforms(antialias=True).
  warnings.warn(
/leonardo/home/userexternal/gcicchet/.conda/envs/vast/lib/python3.9/site-packages/torchvision/transforms/functional.py:1603: UserWarning: The default value of the antialias parameter of all the resizing transforms (Resize(), RandomResizedCrop(), etc.) will change from None to True in v0.17, in order to be consistent across the PIL and Tensor backends. To suppress this warning, directly pass antialias=True (recommended, future default), antialias=None (current default, which means False for Tensors and True for PIL), or antialias=False (only works on Tensors - PIL will still use antialiasing). This also applies if you are using the inference transforms from the models weights: update the call to weights.transforms(antialias=True).
  warnings.warn(
/leonardo/home/userexternal/gcicchet/.conda/envs/vast/lib/python3.9/site-packages/torchvision/transforms/functional.py:1603: UserWarning: The default value of the antialias parameter of all the resizing transforms (Resize(), RandomResizedCrop(), etc.) will change from None to True in v0.17, in order to be consistent across the PIL and Tensor backends. To suppress this warning, directly pass antialias=True (recommended, future default), antialias=None (current default, which means False for Tensors and True for PIL), or antialias=False (only works on Tensors - PIL will still use antialiasing). This also applies if you are using the inference transforms from the models weights: update the call to weights.transforms(antialias=True).
  warnings.warn(
/leonardo/home/userexternal/gcicchet/.conda/envs/vast/lib/python3.9/site-packages/torchvision/transforms/functional.py:1603: UserWarning: The default value of the antialias parameter of all the resizing transforms (Resize(), RandomResizedCrop(), etc.) will change from None to True in v0.17, in order to be consistent across the PIL and Tensor backends. To suppress this warning, directly pass antialias=True (recommended, future default), antialias=None (current default, which means False for Tensors and True for PIL), or antialias=False (only works on Tensors - PIL will still use antialiasing). This also applies if you are using the inference transforms from the models weights: update the call to weights.transforms(antialias=True).
  warnings.warn(
/leonardo/home/userexternal/gcicchet/.conda/envs/vast/lib/python3.9/site-packages/torchvision/transforms/functional.py:1603: UserWarning: The default value of the antialias parameter of all the resizing transforms (Resize(), RandomResizedCrop(), etc.) will change from None to True in v0.17, in order to be consistent across the PIL and Tensor backends. To suppress this warning, directly pass antialias=True (recommended, future default), antialias=None (current default, which means False for Tensors and True for PIL), or antialias=False (only works on Tensors - PIL will still use antialiasing). This also applies if you are using the inference transforms from the models weights: update the call to weights.transforms(antialias=True).
  warnings.warn(
/leonardo/home/userexternal/gcicchet/.conda/envs/vast/lib/python3.9/site-packages/torchvision/transforms/functional.py:1603: UserWarning: The default value of the antialias parameter of all the resizing transforms (Resize(), RandomResizedCrop(), etc.) will change from None to True in v0.17, in order to be consistent across the PIL and Tensor backends. To suppress this warning, directly pass antialias=True (recommended, future default), antialias=None (current default, which means False for Tensors and True for PIL), or antialias=False (only works on Tensors - PIL will still use antialiasing). This also applies if you are using the inference transforms from the models weights: update the call to weights.transforms(antialias=True).
  warnings.warn(
/leonardo/home/userexternal/gcicchet/.conda/envs/vast/lib/python3.9/site-packages/torchvision/transforms/functional.py:1603: UserWarning: The default value of the antialias parameter of all the resizing transforms (Resize(), RandomResizedCrop(), etc.) will change from None to True in v0.17, in order to be consistent across the PIL and Tensor backends. To suppress this warning, directly pass antialias=True (recommended, future default), antialias=None (current default, which means False for Tensors and True for PIL), or antialias=False (only works on Tensors - PIL will still use antialiasing). This also applies if you are using the inference transforms from the models weights: update the call to weights.transforms(antialias=True).
  warnings.warn(
/leonardo/home/userexternal/gcicchet/.conda/envs/vast/lib/python3.9/site-packages/torchvision/transforms/functional.py:1603: UserWarning: The default value of the antialias parameter of all the resizing transforms (Resize(), RandomResizedCrop(), etc.) will change from None to True in v0.17, in order to be consistent across the PIL and Tensor backends. To suppress this warning, directly pass antialias=True (recommended, future default), antialias=None (current default, which means False for Tensors and True for PIL), or antialias=False (only works on Tensors - PIL will still use antialiasing). This also applies if you are using the inference transforms from the models weights: update the call to weights.transforms(antialias=True).
  warnings.warn(
/leonardo/home/userexternal/gcicchet/.conda/envs/vast/lib/python3.9/site-packages/torchvision/transforms/functional.py:1603: UserWarning: The default value of the antialias parameter of all the resizing transforms (Resize(), RandomResizedCrop(), etc.) will change from None to True in v0.17, in order to be consistent across the PIL and Tensor backends. To suppress this warning, directly pass antialias=True (recommended, future default), antialias=None (current default, which means False for Tensors and True for PIL), or antialias=False (only works on Tensors - PIL will still use antialiasing). This also applies if you are using the inference transforms from the models weights: update the call to weights.transforms(antialias=True).
  warnings.warn(
/leonardo/home/userexternal/gcicchet/.conda/envs/vast/lib/python3.9/site-packages/torchvision/transforms/functional.py:1603: UserWarning: The default value of the antialias parameter of all the resizing transforms (Resize(), RandomResizedCrop(), etc.) will change from None to True in v0.17, in order to be consistent across the PIL and Tensor backends. To suppress this warning, directly pass antialias=True (recommended, future default), antialias=None (current default, which means False for Tensors and True for PIL), or antialias=False (only works on Tensors - PIL will still use antialiasing). This also applies if you are using the inference transforms from the models weights: update the call to weights.transforms(antialias=True).
  warnings.warn(
/leonardo/home/userexternal/gcicchet/.conda/envs/vast/lib/python3.9/site-packages/torchvision/transforms/functional.py:1603: UserWarning: The default value of the antialias parameter of all the resizing transforms (Resize(), RandomResizedCrop(), etc.) will change from None to True in v0.17, in order to be consistent across the PIL and Tensor backends. To suppress this warning, directly pass antialias=True (recommended, future default), antialias=None (current default, which means False for Tensors and True for PIL), or antialias=False (only works on Tensors - PIL will still use antialiasing). This also applies if you are using the inference transforms from the models weights: update the call to weights.transforms(antialias=True).
  warnings.warn(
/leonardo/home/userexternal/gcicchet/.conda/envs/vast/lib/python3.9/site-packages/torchvision/transforms/functional.py:1603: UserWarning: The default value of the antialias parameter of all the resizing transforms (Resize(), RandomResizedCrop(), etc.) will change from None to True in v0.17, in order to be consistent across the PIL and Tensor backends. To suppress this warning, directly pass antialias=True (recommended, future default), antialias=None (current default, which means False for Tensors and True for PIL), or antialias=False (only works on Tensors - PIL will still use antialiasing). This also applies if you are using the inference transforms from the models weights: update the call to weights.transforms(antialias=True).
  warnings.warn(
/leonardo/home/userexternal/gcicchet/.conda/envs/vast/lib/python3.9/site-packages/torchvision/transforms/functional.py:1603: UserWarning: The default value of the antialias parameter of all the resizing transforms (Resize(), RandomResizedCrop(), etc.) will change from None to True in v0.17, in order to be consistent across the PIL and Tensor backends. To suppress this warning, directly pass antialias=True (recommended, future default), antialias=None (current default, which means False for Tensors and True for PIL), or antialias=False (only works on Tensors - PIL will still use antialiasing). This also applies if you are using the inference transforms from the models weights: update the call to weights.transforms(antialias=True).
  warnings.warn(
/leonardo/home/userexternal/gcicchet/.conda/envs/vast/lib/python3.9/site-packages/torchvision/transforms/functional.py:1603: UserWarning: The default value of the antialias parameter of all the resizing transforms (Resize(), RandomResizedCrop(), etc.) will change from None to True in v0.17, in order to be consistent across the PIL and Tensor backends. To suppress this warning, directly pass antialias=True (recommended, future default), antialias=None (current default, which means False for Tensors and True for PIL), or antialias=False (only works on Tensors - PIL will still use antialiasing). This also applies if you are using the inference transforms from the models weights: update the call to weights.transforms(antialias=True).
  warnings.warn(
/leonardo/home/userexternal/gcicchet/.conda/envs/vast/lib/python3.9/site-packages/torchvision/transforms/functional.py:1603: UserWarning: The default value of the antialias parameter of all the resizing transforms (Resize(), RandomResizedCrop(), etc.) will change from None to True in v0.17, in order to be consistent across the PIL and Tensor backends. To suppress this warning, directly pass antialias=True (recommended, future default), antialias=None (current default, which means False for Tensors and True for PIL), or antialias=False (only works on Tensors - PIL will still use antialiasing). This also applies if you are using the inference transforms from the models weights: update the call to weights.transforms(antialias=True).
  warnings.warn(
/leonardo/home/userexternal/gcicchet/.conda/envs/vast/lib/python3.9/site-packages/torchvision/transforms/functional.py:1603: UserWarning: The default value of the antialias parameter of all the resizing transforms (Resize(), RandomResizedCrop(), etc.) will change from None to True in v0.17, in order to be consistent across the PIL and Tensor backends. To suppress this warning, directly pass antialias=True (recommended, future default), antialias=None (current default, which means False for Tensors and True for PIL), or antialias=False (only works on Tensors - PIL will still use antialiasing). This also applies if you are using the inference transforms from the models weights: update the call to weights.transforms(antialias=True).
  warnings.warn(
/leonardo/home/userexternal/gcicchet/.conda/envs/vast/lib/python3.9/site-packages/torchvision/transforms/functional.py:1603: UserWarning: The default value of the antialias parameter of all the resizing transforms (Resize(), RandomResizedCrop(), etc.) will change from None to True in v0.17, in order to be consistent across the PIL and Tensor backends. To suppress this warning, directly pass antialias=True (recommended, future default), antialias=None (current default, which means False for Tensors and True for PIL), or antialias=False (only works on Tensors - PIL will still use antialiasing). This also applies if you are using the inference transforms from the models weights: update the call to weights.transforms(antialias=True).
  warnings.warn(
/leonardo/home/userexternal/gcicchet/.conda/envs/vast/lib/python3.9/site-packages/torchvision/transforms/functional.py:1603: UserWarning: The default value of the antialias parameter of all the resizing transforms (Resize(), RandomResizedCrop(), etc.) will change from None to True in v0.17, in order to be consistent across the PIL and Tensor backends. To suppress this warning, directly pass antialias=True (recommended, future default), antialias=None (current default, which means False for Tensors and True for PIL), or antialias=False (only works on Tensors - PIL will still use antialiasing). This also applies if you are using the inference transforms from the models weights: update the call to weights.transforms(antialias=True).
  warnings.warn(
/leonardo/home/userexternal/gcicchet/.conda/envs/vast/lib/python3.9/site-packages/torchvision/transforms/functional.py:1603: UserWarning: The default value of the antialias parameter of all the resizing transforms (Resize(), RandomResizedCrop(), etc.) will change from None to True in v0.17, in order to be consistent across the PIL and Tensor backends. To suppress this warning, directly pass antialias=True (recommended, future default), antialias=None (current default, which means False for Tensors and True for PIL), or antialias=False (only works on Tensors - PIL will still use antialiasing). This also applies if you are using the inference transforms from the models weights: update the call to weights.transforms(antialias=True).
  warnings.warn(
/leonardo/home/userexternal/gcicchet/.conda/envs/vast/lib/python3.9/site-packages/torchvision/transforms/functional.py:1603: UserWarning: The default value of the antialias parameter of all the resizing transforms (Resize(), RandomResizedCrop(), etc.) will change from None to True in v0.17, in order to be consistent across the PIL and Tensor backends. To suppress this warning, directly pass antialias=True (recommended, future default), antialias=None (current default, which means False for Tensors and True for PIL), or antialias=False (only works on Tensors - PIL will still use antialiasing). This also applies if you are using the inference transforms from the models weights: update the call to weights.transforms(antialias=True).
  warnings.warn(
/leonardo/home/userexternal/gcicchet/.conda/envs/vast/lib/python3.9/site-packages/torchvision/transforms/functional.py:1603: UserWarning: The default value of the antialias parameter of all the resizing transforms (Resize(), RandomResizedCrop(), etc.) will change from None to True in v0.17, in order to be consistent across the PIL and Tensor backends. To suppress this warning, directly pass antialias=True (recommended, future default), antialias=None (current default, which means False for Tensors and True for PIL), or antialias=False (only works on Tensors - PIL will still use antialiasing). This also applies if you are using the inference transforms from the models weights: update the call to weights.transforms(antialias=True).
  warnings.warn(
srun: Job step aborted: Waiting up to 92 seconds for job step to finish.
slurmstepd: error: *** STEP 7762701.0 ON lrdn3271 CANCELLED AT 2024-09-19T00:12:18 ***
WARNING:torch.distributed.elastic.agent.server.api:Received 15 death signal, shutting down workers
WARNING:torch.distributed.elastic.multiprocessing.api:Sending process 4163359 closing signal SIGTERM
WARNING:torch.distributed.elastic.multiprocessing.api:Sending process 4163360 closing signal SIGTERM
WARNING:torch.distributed.elastic.multiprocessing.api:Sending process 4163361 closing signal SIGTERM
WARNING:torch.distributed.elastic.multiprocessing.api:Sending process 4163362 closing signal SIGTERM
slurmstepd: error: *** JOB 7762701 ON lrdn3271 CANCELLED AT 2024-09-19T00:12:18 ***
